MIME-Version: 1.0
From: "Tribal Fest" <ioana@serenitymedia.ro>
To: ioana@serenitymedia.ro, 
	victor@serenitymedia.ro
Subject: TFB :: Beyond Choreography - 2 hrs (All Levels) payment confirmation 
Date: Fri, 07 Jun 2013 21:29:30 +0300
Content-type: multipart/alternative; boundary="PHP-alt-21658f660d361268bd81aefd3ea73e44"


--PHP-alt-21658f660d361268bd81aefd3ea73e44
Content-Type: text/plain; charset="utf-8"
Content-Transfer-Encoding: 7bit

TFB ::  Beyond Choreography - 2 hrs (All Levels)    payment confirmation

From: Toader Mihai ( ioana@serenitymedia.ro )


adresa pentru toader mihai
30


go to 'http://zero.tribalfestbucharest.com/admin.php?idT=2&idC=2&idEv=9&idSub=96&confirm=true'
to confirm payment



--PHP-alt-21658f660d361268bd81aefd3ea73e44
Content-Type: text/html; charset="utf-8"
Content-Transfer-Encoding: 7bit

<b>
    TFB ::
    <a href='http://zero.tribalfestbucharest.com/?idC=2&idT=2'>
        Beyond Choreography - 2 hrs (All Levels)
    </a>
    payment confirmation
</b>
<br />

<b>From: Toader Mihai</b> ( ioana@serenitymedia.ro )
<br />


adresa pentru toader mihai
30
<br />


<a href='http://zero.tribalfestbucharest.com/admin.php?idT=2&idC=2&idEv=9&idSub=96&confirm=true'>
        <b>confirm payment</b>
</a>

<br />
if there were problems with the confirmation write to
<a href='mailto:ioana@serenitymedia.ro'>
        Toader Mihai
</a>

--PHP-alt-21658f660d361268bd81aefd3ea73e44--

.